0 info it worked if it ends with ok
1 verbose cli [ '/usr/local/bin/node',
1 verbose cli   '/usr/local/bin/npm',
1 verbose cli   'install',
1 verbose cli   'jquery',
1 verbose cli   '3.0',
1 verbose cli   '--save' ]
2 info using npm@2.15.0
3 info using node@v4.4.2
4 verbose install initial load of /Users/sequina/workspace/memoryGame/lib/package.json
5 warn package.json lib@1.0.0 No description
6 warn package.json lib@1.0.0 No repository field.
7 warn package.json lib@1.0.0 No README data
8 verbose installManyTop reading scoped package data from /Users/sequina/workspace/memoryGame/lib/node_modules/angular/package.json
9 verbose installManyTop reading scoped package data from /Users/sequina/workspace/memoryGame/lib/node_modules/angular-route/package.json
10 verbose installManyTop reading scoped package data from /Users/sequina/workspace/memoryGame/lib/node_modules/angularfire/package.json
11 verbose installManyTop reading scoped package data from /Users/sequina/workspace/memoryGame/lib/node_modules/bootstrap/package.json
12 verbose installManyTop reading scoped package data from /Users/sequina/workspace/memoryGame/lib/node_modules/firebase/package.json
13 verbose installManyTop reading scoped package data from /Users/sequina/workspace/memoryGame/lib/node_modules/gulp/package.json
14 verbose installManyTop reading scoped package data from /Users/sequina/workspace/memoryGame/lib/node_modules/gulp-jshint/package.json
15 verbose installManyTop reading scoped package data from /Users/sequina/workspace/memoryGame/lib/node_modules/gulp-sass/package.json
16 verbose installManyTop reading scoped package data from /Users/sequina/workspace/memoryGame/lib/node_modules/gulp-watch/package.json
17 verbose installManyTop reading scoped package data from /Users/sequina/workspace/memoryGame/lib/node_modules/jquery/package.json
18 verbose installManyTop reading scoped package data from /Users/sequina/workspace/memoryGame/lib/node_modules/jshint/package.json
19 verbose installManyTop reading scoped package data from /Users/sequina/workspace/memoryGame/lib/node_modules/jshint-stylish/package.json
20 info package.json firebase@3.0.4 No license field.
21 verbose readDependencies loading dependencies from /Users/sequina/workspace/memoryGame/lib/package.json
22 verbose install jquery is installed as 3.0.0
23 silly cache add args [ 'jquery@^3.0.0', null ]
24 verbose cache add spec jquery@^3.0.0
25 silly cache add args [ '3.0', null ]
26 verbose cache add spec 3.0
27 silly cache add parsed spec Result {
27 silly cache add   raw: 'jquery@^3.0.0',
27 silly cache add   scope: null,
27 silly cache add   name: 'jquery',
27 silly cache add   rawSpec: '^3.0.0',
27 silly cache add   spec: '>=3.0.0 <4.0.0',
27 silly cache add   type: 'range' }
28 silly addNamed jquery@>=3.0.0 <4.0.0
29 verbose addNamed ">=3.0.0 <4.0.0" is a valid semver range for jquery
30 silly addNameRange { name: 'jquery', range: '>=3.0.0 <4.0.0', hasData: false }
31 silly mapToRegistry name jquery
32 silly mapToRegistry using default registry
33 silly mapToRegistry registry https://registry.npmjs.org/
34 silly mapToRegistry data Result {
34 silly mapToRegistry   raw: 'jquery',
34 silly mapToRegistry   scope: null,
34 silly mapToRegistry   name: 'jquery',
34 silly mapToRegistry   rawSpec: '',
34 silly mapToRegistry   spec: 'latest',
34 silly mapToRegistry   type: 'tag' }
35 silly mapToRegistry uri https://registry.npmjs.org/jquery
36 verbose addNameRange registry:https://registry.npmjs.org/jquery not in flight; fetching
37 silly cache add parsed spec Result {
37 silly cache add   raw: '3.0',
37 silly cache add   scope: null,
37 silly cache add   name: '3.0',
37 silly cache add   rawSpec: '',
37 silly cache add   spec: 'latest',
37 silly cache add   type: 'tag' }
38 silly addNamed 3.0@latest
39 verbose addNamed "latest" is being treated as a dist-tag for 3.0
40 info addNameTag [ '3.0', 'latest' ]
41 silly mapToRegistry name 3.0
42 silly mapToRegistry using default registry
43 silly mapToRegistry registry https://registry.npmjs.org/
44 silly mapToRegistry data Result {
44 silly mapToRegistry   raw: '3.0',
44 silly mapToRegistry   scope: null,
44 silly mapToRegistry   name: '3.0',
44 silly mapToRegistry   rawSpec: '',
44 silly mapToRegistry   spec: 'latest',
44 silly mapToRegistry   type: 'tag' }
45 silly mapToRegistry uri https://registry.npmjs.org/3.0
46 verbose addNameTag registry:https://registry.npmjs.org/3.0 not in flight; fetching
47 verbose request uri https://registry.npmjs.org/3.0
48 verbose request no auth needed
49 info attempt registry request try #1 at 8:53:02 PM
50 verbose request id 7e83729423b155ff
51 http request GET https://registry.npmjs.org/3.0
52 verbose request uri https://registry.npmjs.org/jquery
53 verbose request no auth needed
54 info attempt registry request try #1 at 8:53:02 PM
55 verbose etag "1WSNLAD0QQ4LZJISXI16PF07W"
56 http request GET https://registry.npmjs.org/jquery
57 http 304 https://registry.npmjs.org/jquery
58 verbose headers { date: 'Tue, 14 Jun 2016 01:53:02 GMT',
58 verbose headers   via: '1.1 varnish',
58 verbose headers   'cache-control': 'max-age=300',
58 verbose headers   etag: '"1WSNLAD0QQ4LZJISXI16PF07W"',
58 verbose headers   age: '247',
58 verbose headers   connection: 'keep-alive',
58 verbose headers   'x-served-by': 'cache-atl6241-ATL',
58 verbose headers   'x-cache': 'HIT',
58 verbose headers   'x-cache-hits': '4',
58 verbose headers   'x-timer': 'S1465869182.722671,VS0,VE0',
58 verbose headers   vary: 'Accept-Encoding' }
59 silly get cb [ 304,
59 silly get   { date: 'Tue, 14 Jun 2016 01:53:02 GMT',
59 silly get     via: '1.1 varnish',
59 silly get     'cache-control': 'max-age=300',
59 silly get     etag: '"1WSNLAD0QQ4LZJISXI16PF07W"',
59 silly get     age: '247',
59 silly get     connection: 'keep-alive',
59 silly get     'x-served-by': 'cache-atl6241-ATL',
59 silly get     'x-cache': 'HIT',
59 silly get     'x-cache-hits': '4',
59 silly get     'x-timer': 'S1465869182.722671,VS0,VE0',
59 silly get     vary: 'Accept-Encoding' } ]
60 verbose etag https://registry.npmjs.org/jquery from cache
61 verbose get saving jquery to /Users/sequina/.npm/registry.npmjs.org/jquery/.cache.json
62 verbose correctMkdir /Users/sequina/.npm correctMkdir not in flight; initializing
63 silly addNameRange number 2 { name: 'jquery', range: '>=3.0.0 <4.0.0', hasData: true }
64 silly addNameRange versions [ 'jquery',
64 silly addNameRange   [ '1.5.1',
64 silly addNameRange     '1.6.2',
64 silly addNameRange     '1.6.3',
64 silly addNameRange     '1.7.2',
64 silly addNameRange     '1.7.3',
64 silly addNameRange     '1.8.2',
64 silly addNameRange     '1.8.3',
64 silly addNameRange     '2.1.0-beta2',
64 silly addNameRange     '2.1.0-beta3',
64 silly addNameRange     '1.11.0-beta3',
64 silly addNameRange     '1.11.0-rc1',
64 silly addNameRange     '2.1.0-rc1',
64 silly addNameRange     '1.11.0',
64 silly addNameRange     '2.1.0',
64 silly addNameRange     '2.1.1-beta1',
64 silly addNameRange     '1.11.1-beta1',
64 silly addNameRange     '2.1.1-rc1',
64 silly addNameRange     '1.11.1-rc1',
64 silly addNameRange     '2.1.1-rc2',
64 silly addNameRange     '1.11.1-rc2',
64 silly addNameRange     '2.1.1',
64 silly addNameRange     '1.11.1',
64 silly addNameRange     '1.9.1',
64 silly addNameRange     '2.1.2',
64 silly addNameRange     '1.11.2',
64 silly addNameRange     '2.1.3',
64 silly addNameRange     '2.1.4',
64 silly addNameRange     '1.11.3',
64 silly addNameRange     '3.0.0-alpha1',
64 silly addNameRange     '1.12.0',
64 silly addNameRange     '2.2.0',
64 silly addNameRange     '3.0.0-beta1',
64 silly addNameRange     '1.12.1',
64 silly addNameRange     '2.2.1',
64 silly addNameRange     '1.12.2',
64 silly addNameRange     '2.2.2',
64 silly addNameRange     '1.12.3',
64 silly addNameRange     '2.2.3',
64 silly addNameRange     '1.12.4',
64 silly addNameRange     '2.2.4',
64 silly addNameRange     '3.0.0-rc1',
64 silly addNameRange     '3.0.0' ] ]
65 silly addNamed jquery@3.0.0
66 verbose addNamed "3.0.0" is a plain semver version for jquery
67 silly cache afterAdd jquery@3.0.0
68 verbose afterAdd /Users/sequina/.npm/jquery/3.0.0/package/package.json not in flight; writing
69 verbose correctMkdir /Users/sequina/.npm correctMkdir not in flight; initializing
70 verbose afterAdd /Users/sequina/.npm/jquery/3.0.0/package/package.json written
71 http 404 https://registry.npmjs.org/3.0
72 verbose headers { 'content-type': 'application/json',
72 verbose headers   'cache-control': 'max-age=0',
72 verbose headers   'content-length': '2',
72 verbose headers   'accept-ranges': 'bytes',
72 verbose headers   date: 'Tue, 14 Jun 2016 01:53:02 GMT',
72 verbose headers   via: '1.1 varnish',
72 verbose headers   age: '0',
72 verbose headers   connection: 'keep-alive',
72 verbose headers   'x-served-by': 'cache-atl6239-ATL',
72 verbose headers   'x-cache': 'MISS',
72 verbose headers   'x-cache-hits': '0',
72 verbose headers   'x-timer': 'S1465869182.725544,VS0,VE93',
72 verbose headers   vary: 'Accept-Encoding' }
73 silly get cb [ 404,
73 silly get   { 'content-type': 'application/json',
73 silly get     'cache-control': 'max-age=0',
73 silly get     'content-length': '2',
73 silly get     'accept-ranges': 'bytes',
73 silly get     date: 'Tue, 14 Jun 2016 01:53:02 GMT',
73 silly get     via: '1.1 varnish',
73 silly get     age: '0',
73 silly get     connection: 'keep-alive',
73 silly get     'x-served-by': 'cache-atl6239-ATL',
73 silly get     'x-cache': 'MISS',
73 silly get     'x-cache-hits': '0',
73 silly get     'x-timer': 'S1465869182.725544,VS0,VE93',
73 silly get     vary: 'Accept-Encoding' } ]
74 verbose stack Error: Registry returned 404 for GET on https://registry.npmjs.org/3.0
74 verbose stack     at makeError (/usr/local/lib/node_modules/npm/node_modules/npm-registry-client/lib/request.js:264:12)
74 verbose stack     at CachingRegistryClient.<anonymous> (/usr/local/lib/node_modules/npm/node_modules/npm-registry-client/lib/request.js:242:14)
74 verbose stack     at Request._callback (/usr/local/lib/node_modules/npm/node_modules/npm-registry-client/lib/request.js:172:14)
74 verbose stack     at Request.self.callback (/usr/local/lib/node_modules/npm/node_modules/request/request.js:199:22)
74 verbose stack     at emitTwo (events.js:87:13)
74 verbose stack     at Request.emit (events.js:172:7)
74 verbose stack     at Request.<anonymous> (/usr/local/lib/node_modules/npm/node_modules/request/request.js:1036:10)
74 verbose stack     at emitOne (events.js:82:20)
74 verbose stack     at Request.emit (events.js:169:7)
74 verbose stack     at IncomingMessage.<anonymous> (/usr/local/lib/node_modules/npm/node_modules/request/request.js:963:12)
75 verbose statusCode 404
76 verbose pkgid 3.0
77 verbose cwd /Users/sequina/workspace/memoryGame/lib
78 error Darwin 15.5.0
79 error argv "/usr/local/bin/node" "/usr/local/bin/npm" "install" "jquery" "3.0" "--save"
80 error node v4.4.2
81 error npm  v2.15.0
82 error code E404
83 error 404 Registry returned 404 for GET on https://registry.npmjs.org/3.0
83 error 404
83 error 404 '3.0' is not in the npm registry.
83 error 404 You should bug the author to publish it (or use the name yourself!)
83 error 404 It was specified as a dependency of 'lib'
83 error 404
83 error 404 Note that you can also install from a
83 error 404 tarball, folder, http url, or git url.
84 verbose exit [ 1, true ]
